<?xml version="1.0" encoding="UTF-8"?>
<testng-results ignored="0" total="1" passed="1" failed="0" skipped="0">
  <reporter-output>
  </reporter-output>
  <suite started-at="2023-04-07T09:52:17 IST" name="Default suite" finished-at="2023-04-07T09:52:17 IST" duration-ms="49">
    <groups>
    </groups>
    <test started-at="2023-04-07T09:52:17 IST" name="Default test" finished-at="2023-04-07T09:52:17 IST" duration-ms="49">
      <class name="mavensample.Example">
        <test-method signature="tst1()[pri:0, instance:mavensample.Example@62230c58]" started-at="2023-04-07T09:52:17 IST" name="tst1" finished-at="2023-04-07T09:52:17 IST" duration-ms="9" status="PASS">
          <reporter-output>
          </reporter-output>
        </test-method> <!-- tst1 -->
      </class> <!-- mavensample.Example -->
    </test> <!-- Default test -->
  </suite> <!-- Default suite -->
</testng-results>
